-------- freesurfer-linux-centos7_x86_64-dev-20221114-585f56b --------
Setting up environment for FreeSurfer/FS-FAST (and FSL)
-------- freesurfer-linux-centos7_x86_64-dev-20221114-585f56b --------
Setting up environment for FreeSurfer/FS-FAST (and FSL)
FREESURFER_HOME   /data/users2/washbee/freesurfer
FREESURFER_HOME   /data/users2/washbee/freesurfer
FSFAST_HOME       /data/users2/washbee/freesurfer/fsfast
FSFAST_HOME       /data/users2/washbee/freesurfer/fsfast
FSF_OUTPUT_FORMAT nii.gz
FSF_OUTPUT_FORMAT nii.gz
SUBJECTS_DIR      /data/users2/washbee/freesurfer/subjects
SUBJECTS_DIR      /data/users2/washbee/freesurfer/subjects
MNI_DIR           /data/users2/washbee/freesurfer/mni
MNI_DIR           /data/users2/washbee/freesurfer/mni
pmdata 100307 100307
pmdata 100206 100206
fsaverage subject does not exist in the base directory `/data/users2/washbee/speedrun/topofit-data`, so you must link it by running:

ln -s $FREESURFER_HOME/subjects/fsaverage /data/users2/washbee/speedrun/topofit-data/fsaverage
fsaverage subject does not exist in the base directory `/data/users2/washbee/speedrun/topofit-data`, so you must link it by running:

ln -s $FREESURFER_HOME/subjects/fsaverage /data/users2/washbee/speedrun/topofit-data/fsaverage


consider removing the final / from path to subjectconsider removing the final / from path to subject

args.avg after maniuplationargs.avg after maniuplation  $FREESURFER_HOME/subjects/fsaverage$FREESURFER_HOME/subjects/fsaverage

dev
dev


--src: /data/users2/washbee/speedrun/topofit-data/100206/mri/orig.mgz src image (geometry).
--trg: /data/users2/washbee/freesurfer/average/mni305.cor.mgz trg image (geometry).
--inmni: /data/users2/washbee/speedrun/topofit-data/100206/mri/transforms/talairach.xfm input MNI/XFM transform.
--src: /data/users2/washbee/speedrun/topofit-data/100307/mri/orig.mgz src image (geometry).
--outlta: /data/users2/washbee/speedrun/topofit-data/100206/mri/transforms/talairach.xfm.lta output LTA.
--s: /data/users2/washbee/freesurfer/subjects/fsaverage subject name
--trg: /data/users2/washbee/freesurfer/average/mni305.cor.mgz trg image (geometry).
--ltavox2vox: output LTA as VOX_TO_VOX transform.
--inmni: /data/users2/washbee/speedrun/topofit-data/100307/mri/transforms/talairach.xfm input MNI/XFM transform.
--outlta: /data/users2/washbee/speedrun/topofit-data/100307/mri/transforms/talairach.xfm.lta output LTA.
--s: /data/users2/washbee/freesurfer/subjects/fsaverage subject name
--ltavox2vox: output LTA as VOX_TO_VOX transform.
 LTA read, type : 1
 LTA read, type : 1
 0.99482   0.00688  -0.01176   0.00212;
-0.03663   0.98186   0.08358  -2.06752;
 0.02973  -0.01243   1.06798   0.58362;
 0.00000   0.00000   0.00000   1.00000;
 1.05222   0.01434  -0.01969   0.15212;
-0.02676   1.08294   0.02177  -1.56197;
 0.02254   0.00523   1.12960   0.74170;
 0.00000   0.00000   0.00000   1.00000;
setting subject to /data/users2/washbee/freesurfer/subjects/fsaverage
Writing  LTA to file /data/users2/washbee/speedrun/topofit-data/100206/mri/transforms/talairach.xfm.lta...
lta_convert successful.
setting subject to /data/users2/washbee/freesurfer/subjects/fsaverage
Writing  LTA to file /data/users2/washbee/speedrun/topofit-data/100307/mri/transforms/talairach.xfm.lta...
lta_convert successful.

dev

setenv SUBJECTS_DIR /
cd /data/users2/washbee/speedrun/topofit/singularity
mri_surf2surf --mapmethod nnf --s /data/users2/washbee/speedrun/topofit-data/100307 --hemi lh --sval-xyz white --trgsubject /data/users2/washbee/freesurfer/subjects/fsaverage --tval /data/users2/washbee/speedrun/topofit-data/100307/surf/lh.white.ico.surf --tval-xyz /data/users2/washbee/speedrun/topofit-data/100307/mri/norm.mgz 

sysname  Linux
hostname arctrdagn001
machine  x86_64
user     washbee1
srcsubject = /data/users2/washbee/speedrun/topofit-data/100307
srcval     = (null)
srctype    = 
trgsubject = /data/users2/washbee/freesurfer/subjects/fsaverage
trgval     = /data/users2/washbee/speedrun/topofit-data/100307/surf/lh.white.ico.surf
trgtype    = 
srcsurfreg = sphere.reg
trgsurfreg = sphere.reg
srchemi    = lh
trghemi    = lh
frame      = 0
fwhm-in    = 0
fwhm-out   = 0
label-src  = (null)
label-trg  = (null)
OKToRevFaceOrder  = 1
UseDualHemi = 0
Reading source surface reg ///data/users2/washbee/speedrun/topofit-data/100307/surf/lh.sphere.reg
Loading source data
Reading surface file ///data/users2/washbee/speedrun/topofit-data/100307/surf/lh.white
Reading target surface reg ///data/users2/washbee/freesurfer/subjects/fsaverage/surf/lh.sphere.reg
Done
Using surf2surf_nnfr()
Mapping Source Volume onto Source Subject Surface
surf2surf_nnfr: building source hash (res=16).
Surf2Surf: Forward Loop (163842)

Surf2Surf: Dividing by number of hits (163842)
INFO: nSrcLost = 20900
nTrg121 = 163842, nTrgMulti =     0, MnTrgMultiHits = 0
nSrc121 = 70017, nSrcLost = 20900, nSrcMulti = 60862, MnSrcMultiHits = 1.5416
Saving target data

dev

setenv SUBJECTS_DIR /
cd /data/users2/washbee/speedrun/topofit/singularity
mri_surf2surf --mapmethod nnf --s /data/users2/washbee/speedrun/topofit-data/100206 --hemi lh --sval-xyz white --trgsubject /data/users2/washbee/freesurfer/subjects/fsaverage --tval /data/users2/washbee/speedrun/topofit-data/100206/surf/lh.white.ico.surf --tval-xyz /data/users2/washbee/speedrun/topofit-data/100206/mri/norm.mgz 

sysname  Linux
hostname arctrdagn001
machine  x86_64
user     washbee1
srcsubject = /data/users2/washbee/speedrun/topofit-data/100206
srcval     = (null)
srctype    = 
trgsubject = /data/users2/washbee/freesurfer/subjects/fsaverage
trgval     = /data/users2/washbee/speedrun/topofit-data/100206/surf/lh.white.ico.surf
trgtype    = 
srcsurfreg = sphere.reg
trgsurfreg = sphere.reg
srchemi    = lh
trghemi    = lh
frame      = 0
fwhm-in    = 0
fwhm-out   = 0
label-src  = (null)
label-trg  = (null)
OKToRevFaceOrder  = 1
UseDualHemi = 0
Reading source surface reg ///data/users2/washbee/speedrun/topofit-data/100206/surf/lh.sphere.reg
Loading source data
Reading surface file ///data/users2/washbee/speedrun/topofit-data/100206/surf/lh.white
Reading target surface reg ///data/users2/washbee/freesurfer/subjects/fsaverage/surf/lh.sphere.reg
Done
Using surf2surf_nnfr()
Mapping Source Volume onto Source Subject Surface
surf2surf_nnfr: building source hash (res=16).
Surf2Surf: Forward Loop (163842)

Surf2Surf: Dividing by number of hits (163842)
INFO: nSrcLost = 42860
nTrg121 = 163842, nTrgMulti =     0, MnTrgMultiHits = 0
nSrc121 = 93879, nSrcLost = 42860, nSrcMulti = 72858, MnSrcMultiHits = 0.960265
Saving target data

dev

setenv SUBJECTS_DIR /
cd /data/users2/washbee/speedrun/topofit/singularity
mri_surf2surf --mapmethod nnf --s /data/users2/washbee/speedrun/topofit-data/100307 --hemi rh --sval-xyz white --trgsubject /data/users2/washbee/freesurfer/subjects/fsaverage --tval /data/users2/washbee/speedrun/topofit-data/100307/surf/rh.white.ico.surf --tval-xyz /data/users2/washbee/speedrun/topofit-data/100307/mri/norm.mgz 

sysname  Linux
hostname arctrdagn001
machine  x86_64
user     washbee1
srcsubject = /data/users2/washbee/speedrun/topofit-data/100307
srcval     = (null)
srctype    = 
trgsubject = /data/users2/washbee/freesurfer/subjects/fsaverage
trgval     = /data/users2/washbee/speedrun/topofit-data/100307/surf/rh.white.ico.surf
trgtype    = 
srcsurfreg = sphere.reg
trgsurfreg = sphere.reg
srchemi    = rh
trghemi    = rh
frame      = 0
fwhm-in    = 0
fwhm-out   = 0
label-src  = (null)
label-trg  = (null)
OKToRevFaceOrder  = 1
UseDualHemi = 0
Reading source surface reg ///data/users2/washbee/speedrun/topofit-data/100307/surf/rh.sphere.reg
Loading source data
Reading surface file ///data/users2/washbee/speedrun/topofit-data/100307/surf/rh.white
Reading target surface reg ///data/users2/washbee/freesurfer/subjects/fsaverage/surf/rh.sphere.reg
Done
Using surf2surf_nnfr()
Mapping Source Volume onto Source Subject Surface
surf2surf_nnfr: building source hash (res=16).
Surf2Surf: Forward Loop (163842)

Surf2Surf: Dividing by number of hits (163842)
INFO: nSrcLost = 20417
nTrg121 = 163842, nTrgMulti =     0, MnTrgMultiHits = 0
nSrc121 = 67549, nSrcLost = 20417, nSrcMulti = 60797, MnSrcMultiHits = 1.58384
Saving target data

TopoFit preprocessing complete!

dev

setenv SUBJECTS_DIR /
cd /data/users2/washbee/speedrun/topofit/singularity
mri_surf2surf --mapmethod nnf --s /data/users2/washbee/speedrun/topofit-data/100206 --hemi rh --sval-xyz white --trgsubject /data/users2/washbee/freesurfer/subjects/fsaverage --tval /data/users2/washbee/speedrun/topofit-data/100206/surf/rh.white.ico.surf --tval-xyz /data/users2/washbee/speedrun/topofit-data/100206/mri/norm.mgz 

sysname  Linux
hostname arctrdagn001
machine  x86_64
user     washbee1
srcsubject = /data/users2/washbee/speedrun/topofit-data/100206
srcval     = (null)
srctype    = 
trgsubject = /data/users2/washbee/freesurfer/subjects/fsaverage
trgval     = /data/users2/washbee/speedrun/topofit-data/100206/surf/rh.white.ico.surf
trgtype    = 
srcsurfreg = sphere.reg
trgsurfreg = sphere.reg
srchemi    = rh
trghemi    = rh
frame      = 0
fwhm-in    = 0
fwhm-out   = 0
label-src  = (null)
label-trg  = (null)
OKToRevFaceOrder  = 1
UseDualHemi = 0
Reading source surface reg ///data/users2/washbee/speedrun/topofit-data/100206/surf/rh.sphere.reg
Loading source data
Reading surface file ///data/users2/washbee/speedrun/topofit-data/100206/surf/rh.white
Reading target surface reg ///data/users2/washbee/freesurfer/subjects/fsaverage/surf/rh.sphere.reg
Done
Using surf2surf_nnfr()
Mapping Source Volume onto Source Subject Surface
surf2surf_nnfr: building source hash (res=16).
Surf2Surf: Forward Loop (163842)

Surf2Surf: Dividing by number of hits (163842)
INFO: nSrcLost = 44000
nTrg121 = 163842, nTrgMulti =     0, MnTrgMultiHits = 0
nSrc121 = 96505, nSrcLost = 44000, nSrcMulti = 73121, MnSrcMultiHits = 0.920898
Saving target data

TopoFit preprocessing complete!
