-------- freesurfer-linux-centos7_x86_64-dev-20221114-585f56b --------
Setting up environment for FreeSurfer/FS-FAST (and FSL)
FREESURFER_HOME   /data/users2/washbee/freesurfer
FSFAST_HOME       /data/users2/washbee/freesurfer/fsfast
FSF_OUTPUT_FORMAT nii.gz
SUBJECTS_DIR      /data/users2/washbee/freesurfer/subjects
MNI_DIR           /data/users2/washbee/freesurfer/mni
fsaverage subject does not exist in the base directory `/data/users2/washbee/speedrun/topofit-data`, so you must link it by running:

ln -s $FREESURFER_HOME/subjects/fsaverage /data/users2/washbee/speedrun/topofit-data/fsaverage

consider removing the final / from path to subject
args.avg after maniuplation $FREESURFER_HOME/subjects/fsaverage
dev

--src: /data/users2/washbee/speedrun/topofit-data/358144/mri/orig.mgz src image (geometry).
--trg: /data/users2/washbee/freesurfer/average/mni305.cor.mgz trg image (geometry).
--inmni: /data/users2/washbee/speedrun/topofit-data/358144/mri/transforms/talairach.xfm input MNI/XFM transform.
--outlta: /data/users2/washbee/speedrun/topofit-data/358144/mri/transforms/talairach.xfm.lta output LTA.
--s: /data/users2/washbee/freesurfer/subjects/fsaverage subject name
--ltavox2vox: output LTA as VOX_TO_VOX transform.
 LTA read, type : 1
 1.02371  -0.00100  -0.00864  -0.15445;
 0.02752   0.99983   0.03478  -1.72649;
-0.02465   0.04247   1.12357   1.89777;
 0.00000   0.00000   0.00000   1.00000;
setting subject to /data/users2/washbee/freesurfer/subjects/fsaverage
Writing  LTA to file /data/users2/washbee/speedrun/topofit-data/358144/mri/transforms/talairach.xfm.lta...
lta_convert successful.

dev

setenv SUBJECTS_DIR /
cd /data/users2/washbee/speedrun/topofit/singularity
mri_surf2surf --mapmethod nnf --s /data/users2/washbee/speedrun/topofit-data/358144 --hemi lh --sval-xyz white --trgsubject /data/users2/washbee/freesurfer/subjects/fsaverage --tval /data/users2/washbee/speedrun/topofit-data/358144/surf/lh.white.ico.surf --tval-xyz /data/users2/washbee/speedrun/topofit-data/358144/mri/norm.mgz 

sysname  Linux
hostname arctrddgx004
machine  x86_64
user     washbee1
srcsubject = /data/users2/washbee/speedrun/topofit-data/358144
srcval     = (null)
srctype    = 
trgsubject = /data/users2/washbee/freesurfer/subjects/fsaverage
trgval     = /data/users2/washbee/speedrun/topofit-data/358144/surf/lh.white.ico.surf
trgtype    = 
srcsurfreg = sphere.reg
trgsurfreg = sphere.reg
srchemi    = lh
trghemi    = lh
frame      = 0
fwhm-in    = 0
fwhm-out   = 0
label-src  = (null)
label-trg  = (null)
OKToRevFaceOrder  = 1
UseDualHemi = 0
Reading source surface reg ///data/users2/washbee/speedrun/topofit-data/358144/surf/lh.sphere.reg
Loading source data
Reading surface file ///data/users2/washbee/speedrun/topofit-data/358144/surf/lh.white
Reading target surface reg ///data/users2/washbee/freesurfer/subjects/fsaverage/surf/lh.sphere.reg
Done
Using surf2surf_nnfr()
Mapping Source Volume onto Source Subject Surface
surf2surf_nnfr: building source hash (res=16).
Surf2Surf: Forward Loop (163842)

Surf2Surf: Dividing by number of hits (163842)
INFO: nSrcLost = 27405
nTrg121 = 163842, nTrgMulti =     0, MnTrgMultiHits = 0
nSrc121 = 80868, nSrcLost = 27405, nSrcMulti = 63083, MnSrcMultiHits = 1.31531
Saving target data

dev

setenv SUBJECTS_DIR /
cd /data/users2/washbee/speedrun/topofit/singularity
mri_surf2surf --mapmethod nnf --s /data/users2/washbee/speedrun/topofit-data/358144 --hemi rh --sval-xyz white --trgsubject /data/users2/washbee/freesurfer/subjects/fsaverage --tval /data/users2/washbee/speedrun/topofit-data/358144/surf/rh.white.ico.surf --tval-xyz /data/users2/washbee/speedrun/topofit-data/358144/mri/norm.mgz 

sysname  Linux
hostname arctrddgx004
machine  x86_64
user     washbee1
srcsubject = /data/users2/washbee/speedrun/topofit-data/358144
srcval     = (null)
srctype    = 
trgsubject = /data/users2/washbee/freesurfer/subjects/fsaverage
trgval     = /data/users2/washbee/speedrun/topofit-data/358144/surf/rh.white.ico.surf
trgtype    = 
srcsurfreg = sphere.reg
trgsurfreg = sphere.reg
srchemi    = rh
trghemi    = rh
frame      = 0
fwhm-in    = 0
fwhm-out   = 0
label-src  = (null)
label-trg  = (null)
OKToRevFaceOrder  = 1
UseDualHemi = 0
Reading source surface reg ///data/users2/washbee/speedrun/topofit-data/358144/surf/rh.sphere.reg
Loading source data
Reading surface file ///data/users2/washbee/speedrun/topofit-data/358144/surf/rh.white
Reading target surface reg ///data/users2/washbee/freesurfer/subjects/fsaverage/surf/rh.sphere.reg
Done
Using surf2surf_nnfr()
Mapping Source Volume onto Source Subject Surface
surf2surf_nnfr: building source hash (res=16).
Surf2Surf: Forward Loop (163842)

Surf2Surf: Dividing by number of hits (163842)
INFO: nSrcLost = 29234
nTrg121 = 163842, nTrgMulti =     0, MnTrgMultiHits = 0
nSrc121 = 81987, nSrcLost = 29234, nSrcMulti = 64100, MnSrcMultiHits = 1.27699
Saving target data

TopoFit preprocessing complete!
